Analysis & Synthesis report for scoring
Tue Nov 27 03:19:04 2018
Quartus Prime Version 18.0.0 Build 614 04/24/2018 SJ Lite Edition


---------------------
; Table of Contents ;
---------------------
  1. Legal Notice
  2. Analysis & Synthesis Summary
  3. Analysis & Synthesis Settings
  4. Parallel Compilation
  5. Analysis & Synthesis Source Files Read
  6. Analysis & Synthesis Resource Usage Summary
  7. Analysis & Synthesis Resource Utilization by Entity
  8. User-Specified and Inferred Latches
  9. General Register Statistics
 10. Multiplexer Restructuring Statistics (Restructuring Performed)
 11. Post-Synthesis Netlist Statistics for Top Partition
 12. Elapsed Time Per Partition
 13. Analysis & Synthesis Messages
 14. Analysis & Synthesis Suppressed Messages



----------------
; Legal Notice ;
----------------
Copyright (C) 2018  Intel Corporation. All rights reserved.
Your use of Intel Corporation's design tools, logic functions 
and other software and tools, and its AMPP partner logic 
functions, and any output files from any of the foregoing 
(including device programming or simulation files), and any 
associated documentation or information are expressly subject 
to the terms and conditions of the Intel Program License 
Subscription Agreement, the Intel Quartus Prime License Agreement,
the Intel FPGA IP License Agreement, or other applicable license
agreement, including, without limitation, that your use is for
the sole purpose of programming logic devices manufactured by
Intel and sold by Intel or its authorized distributors.  Please
refer to the applicable agreement for further details.



+-------------------------------------------------------------------------------+
; Analysis & Synthesis Summary                                                  ;
+---------------------------------+---------------------------------------------+
; Analysis & Synthesis Status     ; Successful - Tue Nov 27 03:19:04 2018       ;
; Quartus Prime Version           ; 18.0.0 Build 614 04/24/2018 SJ Lite Edition ;
; Revision Name                   ; scoring                                     ;
; Top-level Entity Name           ; scoring                                     ;
; Family                          ; Cyclone V                                   ;
; Logic utilization (in ALMs)     ; N/A                                         ;
; Total registers                 ; 0                                           ;
; Total pins                      ; 76                                          ;
; Total virtual pins              ; 0                                           ;
; Total block memory bits         ; 0                                           ;
; Total DSP Blocks                ; 0                                           ;
; Total HSSI RX PCSs              ; 0                                           ;
; Total HSSI PMA RX Deserializers ; 0                                           ;
; Total HSSI TX PCSs              ; 0                                           ;
; Total HSSI PMA TX Serializers   ; 0                                           ;
; Total PLLs                      ; 0                                           ;
; Total DLLs                      ; 0                                           ;
+---------------------------------+---------------------------------------------+


+---------------------------------------------------------------------------------------------------------------------------+
; Analysis & Synthesis Settings                                                                                             ;
+---------------------------------------------------------------------------------+--------------------+--------------------+
; Option                                                                          ; Setting            ; Default Value      ;
+---------------------------------------------------------------------------------+--------------------+--------------------+
; Device                                                                          ; 5CSEMA5F31C6       ;                    ;
; Top-level entity name                                                           ; scoring            ; scoring            ;
; Family name                                                                     ; Cyclone V          ; Cyclone V          ;
; Use smart compilation                                                           ; Off                ; Off                ;
; Enable parallel Assembler and Timing Analyzer during compilation                ; On                 ; On                 ;
; Enable compact report table                                                     ; Off                ; Off                ;
; Restructure Multiplexers                                                        ; Auto               ; Auto               ;
; MLAB Add Timing Constraints For Mixed-Port Feed-Through Mode Setting Don't Care ; Off                ; Off                ;
; Create Debugging Nodes for IP Cores                                             ; Off                ; Off                ;
; Preserve fewer node names                                                       ; On                 ; On                 ;
; Intel FPGA IP Evaluation Mode                                                   ; Enable             ; Enable             ;
; Verilog Version                                                                 ; Verilog_2001       ; Verilog_2001       ;
; VHDL Version                                                                    ; VHDL_1993          ; VHDL_1993          ;
; State Machine Processing                                                        ; Auto               ; Auto               ;
; Safe State Machine                                                              ; Off                ; Off                ;
; Extract Verilog State Machines                                                  ; On                 ; On                 ;
; Extract VHDL State Machines                                                     ; On                 ; On                 ;
; Ignore Verilog initial constructs                                               ; Off                ; Off                ;
; Iteration limit for constant Verilog loops                                      ; 5000               ; 5000               ;
; Iteration limit for non-constant Verilog loops                                  ; 250                ; 250                ;
; Add Pass-Through Logic to Inferred RAMs                                         ; On                 ; On                 ;
; Infer RAMs from Raw Logic                                                       ; On                 ; On                 ;
; Parallel Synthesis                                                              ; On                 ; On                 ;
; DSP Block Balancing                                                             ; Auto               ; Auto               ;
; NOT Gate Push-Back                                                              ; On                 ; On                 ;
; Power-Up Don't Care                                                             ; On                 ; On                 ;
; Remove Redundant Logic Cells                                                    ; Off                ; Off                ;
; Remove Duplicate Registers                                                      ; On                 ; On                 ;
; Ignore CARRY Buffers                                                            ; Off                ; Off                ;
; Ignore CASCADE Buffers                                                          ; Off                ; Off                ;
; Ignore GLOBAL Buffers                                                           ; Off                ; Off                ;
; Ignore ROW GLOBAL Buffers                                                       ; Off                ; Off                ;
; Ignore LCELL Buffers                                                            ; Off                ; Off                ;
; Ignore SOFT Buffers                                                             ; On                 ; On                 ;
; Limit AHDL Integers to 32 Bits                                                  ; Off                ; Off                ;
; Optimization Technique                                                          ; Balanced           ; Balanced           ;
; Carry Chain Length                                                              ; 70                 ; 70                 ;
; Auto Carry Chains                                                               ; On                 ; On                 ;
; Auto Open-Drain Pins                                                            ; On                 ; On                 ;
; Perform WYSIWYG Primitive Resynthesis                                           ; Off                ; Off                ;
; Auto ROM Replacement                                                            ; On                 ; On                 ;
; Auto RAM Replacement                                                            ; On                 ; On                 ;
; Auto DSP Block Replacement                                                      ; On                 ; On                 ;
; Auto Shift Register Replacement                                                 ; Auto               ; Auto               ;
; Allow Shift Register Merging across Hierarchies                                 ; Auto               ; Auto               ;
; Auto Clock Enable Replacement                                                   ; On                 ; On                 ;
; Strict RAM Replacement                                                          ; Off                ; Off                ;
; Allow Synchronous Control Signals                                               ; On                 ; On                 ;
; Force Use of Synchronous Clear Signals                                          ; Off                ; Off                ;
; Auto Resource Sharing                                                           ; Off                ; Off                ;
; Allow Any RAM Size For Recognition                                              ; Off                ; Off                ;
; Allow Any ROM Size For Recognition                                              ; Off                ; Off                ;
; Allow Any Shift Register Size For Recognition                                   ; Off                ; Off                ;
; Use LogicLock Constraints during Resource Balancing                             ; On                 ; On                 ;
; Ignore translate_off and synthesis_off directives                               ; Off                ; Off                ;
; Timing-Driven Synthesis                                                         ; On                 ; On                 ;
; Report Parameter Settings                                                       ; On                 ; On                 ;
; Report Source Assignments                                                       ; On                 ; On                 ;
; Report Connectivity Checks                                                      ; On                 ; On                 ;
; Ignore Maximum Fan-Out Assignments                                              ; Off                ; Off                ;
; Synchronization Register Chain Length                                           ; 3                  ; 3                  ;
; Power Optimization During Synthesis                                             ; Normal compilation ; Normal compilation ;
; HDL message level                                                               ; Level2             ; Level2             ;
; Suppress Register Optimization Related Messages                                 ; Off                ; Off                ;
; Number of Removed Registers Reported in Synthesis Report                        ; 5000               ; 5000               ;
; Number of Swept Nodes Reported in Synthesis Report                              ; 5000               ; 5000               ;
; Number of Inverted Registers Reported in Synthesis Report                       ; 100                ; 100                ;
; Clock MUX Protection                                                            ; On                 ; On                 ;
; Auto Gated Clock Conversion                                                     ; Off                ; Off                ;
; Block Design Naming                                                             ; Auto               ; Auto               ;
; SDC constraint protection                                                       ; Off                ; Off                ;
; Synthesis Effort                                                                ; Auto               ; Auto               ;
; Shift Register Replacement - Allow Asynchronous Clear Signal                    ; On                 ; On                 ;
; Pre-Mapping Resynthesis Optimization                                            ; Off                ; Off                ;
; Analysis & Synthesis Message Level                                              ; Medium             ; Medium             ;
; Disable Register Merging Across Hierarchies                                     ; Auto               ; Auto               ;
; Resource Aware Inference For Block RAM                                          ; On                 ; On                 ;
; Automatic Parallel Synthesis                                                    ; On                 ; On                 ;
; Partial Reconfiguration Bitstream ID                                            ; Off                ; Off                ;
+---------------------------------------------------------------------------------+--------------------+--------------------+


+------------------------------------------+
; Parallel Compilation                     ;
+----------------------------+-------------+
; Processors                 ; Number      ;
+----------------------------+-------------+
; Number detected on machine ; 4           ;
; Maximum allowed            ; 2           ;
;                            ;             ;
; Average used               ; 1.00        ;
; Maximum used               ; 2           ;
;                            ;             ;
; Usage by Processor         ; % Time Used ;
;     Processor 1            ; 100.0%      ;
;     Processor 2            ;   0.0%      ;
+----------------------------+-------------+


+--------------------------------------------------------------------------------------------------------------------------------------------------------------------------------------------+
; Analysis & Synthesis Source Files Read                                                                                                                                                     ;
+----------------------------------+-----------------+------------------------+----------------------------------------------------------------------------------------------------+---------+
; File Name with User-Entered Path ; Used in Netlist ; File Type              ; File Name with Absolute Path                                                                       ; Library ;
+----------------------------------+-----------------+------------------------+----------------------------------------------------------------------------------------------------+---------+
; bcd_converter.v                  ; yes             ; User Verilog HDL File  ; C:/Users/Joseph/Documents/2nd_Year/ECE241/FinalProject/GitHub/241-project/gameplay/bcd_converter.v ;         ;
; scoring.v                        ; yes             ; User Verilog HDL File  ; C:/Users/Joseph/Documents/2nd_Year/ECE241/FinalProject/GitHub/241-project/gameplay/scoring.v       ;         ;
; HEX_Display.v                    ; yes             ; User Verilog HDL File  ; C:/Users/Joseph/Documents/2nd_Year/ECE241/FinalProject/GitHub/241-project/gameplay/HEX_Display.v   ;         ;
+----------------------------------+-----------------+------------------------+----------------------------------------------------------------------------------------------------+---------+


+------------------------------------------------------------+
; Analysis & Synthesis Resource Usage Summary                ;
+---------------------------------------------+--------------+
; Resource                                    ; Usage        ;
+---------------------------------------------+--------------+
; Estimate of Logic utilization (ALMs needed) ; 145          ;
;                                             ;              ;
; Combinational ALUT usage for logic          ; 221          ;
;     -- 7 input functions                    ; 0            ;
;     -- 6 input functions                    ; 68           ;
;     -- 5 input functions                    ; 72           ;
;     -- 4 input functions                    ; 46           ;
;     -- <=3 input functions                  ; 35           ;
;                                             ;              ;
; Dedicated logic registers                   ; 0            ;
;                                             ;              ;
; I/O pins                                    ; 76           ;
;                                             ;              ;
; Total DSP Blocks                            ; 0            ;
;                                             ;              ;
; Maximum fan-out node                        ; KEY[0]~input ;
; Maximum fan-out                             ; 66           ;
; Total fan-out                               ; 1180         ;
; Average fan-out                             ; 3.16         ;
+---------------------------------------------+--------------+


+-----------------------------------------------------------------------------------------------------------------------------------------------------------------------------------------------------------------+
; Analysis & Synthesis Resource Utilization by Entity                                                                                                                                                             ;
+----------------------------------+---------------------+---------------------------+-------------------+------------+------+--------------+--------------------------------------+---------------+--------------+
; Compilation Hierarchy Node       ; Combinational ALUTs ; Dedicated Logic Registers ; Block Memory Bits ; DSP Blocks ; Pins ; Virtual Pins ; Full Hierarchy Name                  ; Entity Name   ; Library Name ;
+----------------------------------+---------------------+---------------------------+-------------------+------------+------+--------------+--------------------------------------+---------------+--------------+
; |scoring                         ; 221 (54)            ; 0 (0)                     ; 0                 ; 0          ; 76   ; 0            ; |scoring                             ; scoring       ; work         ;
;    |HEX_Display:i0|              ; 7 (7)               ; 0 (0)                     ; 0                 ; 0          ; 0    ; 0            ; |scoring|HEX_Display:i0              ; HEX_Display   ; work         ;
;    |HEX_Display:i1|              ; 7 (7)               ; 0 (0)                     ; 0                 ; 0          ; 0    ; 0            ; |scoring|HEX_Display:i1              ; HEX_Display   ; work         ;
;    |HEX_Display:i2|              ; 7 (7)               ; 0 (0)                     ; 0                 ; 0          ; 0    ; 0            ; |scoring|HEX_Display:i2              ; HEX_Display   ; work         ;
;    |HEX_Display:i3|              ; 7 (7)               ; 0 (0)                     ; 0                 ; 0          ; 0    ; 0            ; |scoring|HEX_Display:i3              ; HEX_Display   ; work         ;
;    |HEX_Display:i4|              ; 7 (7)               ; 0 (0)                     ; 0                 ; 0          ; 0    ; 0            ; |scoring|HEX_Display:i4              ; HEX_Display   ; work         ;
;    |HEX_Display:i5|              ; 7 (7)               ; 0 (0)                     ; 0                 ; 0          ; 0    ; 0            ; |scoring|HEX_Display:i5              ; HEX_Display   ; work         ;
;    |bcd_converter:convert_score| ; 125 (125)           ; 0 (0)                     ; 0                 ; 0          ; 0    ; 0            ; |scoring|bcd_converter:convert_score ; bcd_converter ; work         ;
+----------------------------------+---------------------+---------------------------+-------------------+------------+------+--------------+--------------------------------------+---------------+--------------+
Note: For table entries with two numbers listed, the numbers in parentheses indicate the number of resources of the given type used by the specific entity alone. The numbers listed outside of parentheses indicate the total resources of the given type used by the specific entity and all of its sub-entities in the hierarchy.


+----------------------------------------------------------------------------------------------------+
; User-Specified and Inferred Latches                                                                ;
+-----------------------------------------------------+---------------------+------------------------+
; Latch Name                                          ; Latch Enable Signal ; Free of Timing Hazards ;
+-----------------------------------------------------+---------------------+------------------------+
; score[18]$latch                                     ; score[9]            ; yes                    ;
; score[17]$latch                                     ; score[9]            ; yes                    ;
; score[19]$latch                                     ; score[9]            ; yes                    ;
; score[16]$latch                                     ; score[9]            ; yes                    ;
; score[15]$latch                                     ; score[9]            ; yes                    ;
; score[14]$latch                                     ; score[9]            ; yes                    ;
; score[13]$latch                                     ; score[9]            ; yes                    ;
; score[12]$latch                                     ; score[9]            ; yes                    ;
; score[11]$latch                                     ; score[9]            ; yes                    ;
; score[10]$latch                                     ; score[9]            ; yes                    ;
; score[9]$latch                                      ; score[9]            ; yes                    ;
; score[8]$latch                                      ; score[9]            ; yes                    ;
; score[7]$latch                                      ; score[9]            ; yes                    ;
; score[6]$latch                                      ; score[9]            ; yes                    ;
; score[5]$latch                                      ; score[9]            ; yes                    ;
; score[4]$latch                                      ; score[9]            ; yes                    ;
; score[3]$latch                                      ; score[9]            ; yes                    ;
; score[2]$latch                                      ; score[9]            ; yes                    ;
; score[1]$latch                                      ; score[9]            ; yes                    ;
; score[0]$latch                                      ; score[9]            ; yes                    ;
; multiplier[3]                                       ; multiplier[1]       ; yes                    ;
; multiplier[2]                                       ; multiplier[1]       ; yes                    ;
; multiplier[1]                                       ; multiplier[1]       ; yes                    ;
; multiplier[0]                                       ; multiplier[1]       ; yes                    ;
; Number of user-specified and inferred latches = 24  ;                     ;                        ;
+-----------------------------------------------------+---------------------+------------------------+
Note: All latches listed above may not be present at the end of synthesis due to various synthesis optimizations.


+------------------------------------------------------+
; General Register Statistics                          ;
+----------------------------------------------+-------+
; Statistic                                    ; Value ;
+----------------------------------------------+-------+
; Total registers                              ; 0     ;
; Number of registers using Synchronous Clear  ; 0     ;
; Number of registers using Synchronous Load   ; 0     ;
; Number of registers using Asynchronous Clear ; 0     ;
; Number of registers using Asynchronous Load  ; 0     ;
; Number of registers using Clock Enable       ; 0     ;
; Number of registers using Preset             ; 0     ;
+----------------------------------------------+-------+


+------------------------------------------------------------------------------------------------------------------------------------------------------------------+
; Multiplexer Restructuring Statistics (Restructuring Performed)                                                                                                   ;
+--------------------+-----------+---------------+----------------------+------------------------+------------+----------------------------------------------------+
; Multiplexer Inputs ; Bus Width ; Baseline Area ; Area if Restructured ; Saving if Restructured ; Registered ; Example Multiplexer Output                         ;
+--------------------+-----------+---------------+----------------------+------------------------+------------+----------------------------------------------------+
; 3:1                ; 4 bits    ; 8 LEs         ; 8 LEs                ; 0 LEs                  ; No         ; |scoring|bcd_converter:convert_score|score_bcd[18] ;
; 3:1                ; 3 bits    ; 6 LEs         ; 6 LEs                ; 0 LEs                  ; No         ; |scoring|bcd_converter:convert_score|score_bcd[21] ;
; 3:1                ; 4 bits    ; 8 LEs         ; 8 LEs                ; 0 LEs                  ; No         ; |scoring|bcd_converter:convert_score|score_bcd[16] ;
; 3:1                ; 4 bits    ; 8 LEs         ; 8 LEs                ; 0 LEs                  ; No         ; |scoring|bcd_converter:convert_score|score_bcd[12] ;
; 3:1                ; 4 bits    ; 8 LEs         ; 8 LEs                ; 0 LEs                  ; No         ; |scoring|bcd_converter:convert_score|score_bcd[5]  ;
; 3:1                ; 4 bits    ; 8 LEs         ; 8 LEs                ; 0 LEs                  ; No         ; |scoring|bcd_converter:convert_score|score_bcd[4]  ;
+--------------------+-----------+---------------+----------------------+------------------------+------------+----------------------------------------------------+


+-----------------------------------------------------+
; Post-Synthesis Netlist Statistics for Top Partition ;
+-----------------------+-----------------------------+
; Type                  ; Count                       ;
+-----------------------+-----------------------------+
; arriav_lcell_comb     ; 263                         ;
;     arith             ; 20                          ;
;         1 data inputs ; 16                          ;
;         2 data inputs ; 4                           ;
;     normal            ; 243                         ;
;         1 data inputs ; 42                          ;
;         2 data inputs ; 8                           ;
;         3 data inputs ; 7                           ;
;         4 data inputs ; 46                          ;
;         5 data inputs ; 72                          ;
;         6 data inputs ; 68                          ;
; boundary_port         ; 76                          ;
;                       ;                             ;
; Max LUT depth         ; 11.00                       ;
; Average LUT depth     ; 8.51                        ;
+-----------------------+-----------------------------+


+-------------------------------+
; Elapsed Time Per Partition    ;
+----------------+--------------+
; Partition Name ; Elapsed Time ;
+----------------+--------------+
; Top            ; 00:00:16     ;
+----------------+--------------+


+-------------------------------+
; Analysis & Synthesis Messages ;
+-------------------------------+
Info: *******************************************************************
Info: Running Quartus Prime Analysis & Synthesis
    Info: Version 18.0.0 Build 614 04/24/2018 SJ Lite Edition
    Info: Processing started: Tue Nov 27 03:18:16 2018
Info: Command: quartus_map --read_settings_files=on --write_settings_files=off scoring -c scoring
Warning (18236): Number of processors has not been specified which may cause overloading on shared machines.  Set the global assignment NUM_PARALLEL_PROCESSORS in your QSF to an appropriate value for best performance.
Info (20030): Parallel compilation is enabled and will use 2 of the 2 processors detected
Info (12021): Found 1 design units, including 1 entities, in source file bcd_converter.v
    Info (12023): Found entity 1: bcd_converter File: C:/Users/Joseph/Documents/2nd_Year/ECE241/FinalProject/GitHub/241-project/gameplay/bcd_converter.v Line: 1
Info (12021): Found 1 design units, including 1 entities, in source file scoring.v
    Info (12023): Found entity 1: scoring File: C:/Users/Joseph/Documents/2nd_Year/ECE241/FinalProject/GitHub/241-project/gameplay/scoring.v Line: 1
Info (12021): Found 1 design units, including 1 entities, in source file hex_display.v
    Info (12023): Found entity 1: HEX_Display File: C:/Users/Joseph/Documents/2nd_Year/ECE241/FinalProject/GitHub/241-project/gameplay/HEX_Display.v Line: 4
Info (12127): Elaborating entity "scoring" for the top level hierarchy
Warning (10235): Verilog HDL Always Construct warning at scoring.v(21): variable "multiplier" is read inside the Always Construct but isn't in the Always Construct's Event Control File: C:/Users/Joseph/Documents/2nd_Year/ECE241/FinalProject/GitHub/241-project/gameplay/scoring.v Line: 21
Warning (10235): Verilog HDL Always Construct warning at scoring.v(22): variable "multiplier" is read inside the Always Construct but isn't in the Always Construct's Event Control File: C:/Users/Joseph/Documents/2nd_Year/ECE241/FinalProject/GitHub/241-project/gameplay/scoring.v Line: 22
Warning (10235): Verilog HDL Always Construct warning at scoring.v(24): variable "multiplier" is read inside the Always Construct but isn't in the Always Construct's Event Control File: C:/Users/Joseph/Documents/2nd_Year/ECE241/FinalProject/GitHub/241-project/gameplay/scoring.v Line: 24
Warning (10230): Verilog HDL assignment warning at scoring.v(24): truncated value with size 32 to match size of target (4) File: C:/Users/Joseph/Documents/2nd_Year/ECE241/FinalProject/GitHub/241-project/gameplay/scoring.v Line: 24
Warning (10240): Verilog HDL Always Construct warning at scoring.v(17): inferring latch(es) for variable "multiplier", which holds its previous value in one or more paths through the always construct File: C:/Users/Joseph/Documents/2nd_Year/ECE241/FinalProject/GitHub/241-project/gameplay/scoring.v Line: 17
Warning (10235): Verilog HDL Always Construct warning at scoring.v(37): variable "score" is read inside the Always Construct but isn't in the Always Construct's Event Control File: C:/Users/Joseph/Documents/2nd_Year/ECE241/FinalProject/GitHub/241-project/gameplay/scoring.v Line: 37
Warning (10235): Verilog HDL Always Construct warning at scoring.v(38): variable "score" is read inside the Always Construct but isn't in the Always Construct's Event Control File: C:/Users/Joseph/Documents/2nd_Year/ECE241/FinalProject/GitHub/241-project/gameplay/scoring.v Line: 38
Warning (10235): Verilog HDL Always Construct warning at scoring.v(41): variable "score" is read inside the Always Construct but isn't in the Always Construct's Event Control File: C:/Users/Joseph/Documents/2nd_Year/ECE241/FinalProject/GitHub/241-project/gameplay/scoring.v Line: 41
Warning (10235): Verilog HDL Always Construct warning at scoring.v(41): variable "multiplier" is read inside the Always Construct but isn't in the Always Construct's Event Control File: C:/Users/Joseph/Documents/2nd_Year/ECE241/FinalProject/GitHub/241-project/gameplay/scoring.v Line: 41
Warning (10240): Verilog HDL Always Construct warning at scoring.v(33): inferring latch(es) for variable "score", which holds its previous value in one or more paths through the always construct File: C:/Users/Joseph/Documents/2nd_Year/ECE241/FinalProject/GitHub/241-project/gameplay/scoring.v Line: 33
Info (10041): Inferred latch for "score[0]" at scoring.v(33) File: C:/Users/Joseph/Documents/2nd_Year/ECE241/FinalProject/GitHub/241-project/gameplay/scoring.v Line: 33
Info (10041): Inferred latch for "score[1]" at scoring.v(33) File: C:/Users/Joseph/Documents/2nd_Year/ECE241/FinalProject/GitHub/241-project/gameplay/scoring.v Line: 33
Info (10041): Inferred latch for "score[2]" at scoring.v(33) File: C:/Users/Joseph/Documents/2nd_Year/ECE241/FinalProject/GitHub/241-project/gameplay/scoring.v Line: 33
Info (10041): Inferred latch for "score[3]" at scoring.v(33) File: C:/Users/Joseph/Documents/2nd_Year/ECE241/FinalProject/GitHub/241-project/gameplay/scoring.v Line: 33
Info (10041): Inferred latch for "score[4]" at scoring.v(33) File: C:/Users/Joseph/Documents/2nd_Year/ECE241/FinalProject/GitHub/241-project/gameplay/scoring.v Line: 33
Info (10041): Inferred latch for "score[5]" at scoring.v(33) File: C:/Users/Joseph/Documents/2nd_Year/ECE241/FinalProject/GitHub/241-project/gameplay/scoring.v Line: 33
Info (10041): Inferred latch for "score[6]" at scoring.v(33) File: C:/Users/Joseph/Documents/2nd_Year/ECE241/FinalProject/GitHub/241-project/gameplay/scoring.v Line: 33
Info (10041): Inferred latch for "score[7]" at scoring.v(33) File: C:/Users/Joseph/Documents/2nd_Year/ECE241/FinalProject/GitHub/241-project/gameplay/scoring.v Line: 33
Info (10041): Inferred latch for "score[8]" at scoring.v(33) File: C:/Users/Joseph/Documents/2nd_Year/ECE241/FinalProject/GitHub/241-project/gameplay/scoring.v Line: 33
Info (10041): Inferred latch for "score[9]" at scoring.v(33) File: C:/Users/Joseph/Documents/2nd_Year/ECE241/FinalProject/GitHub/241-project/gameplay/scoring.v Line: 33
Info (10041): Inferred latch for "score[10]" at scoring.v(33) File: C:/Users/Joseph/Documents/2nd_Year/ECE241/FinalProject/GitHub/241-project/gameplay/scoring.v Line: 33
Info (10041): Inferred latch for "score[11]" at scoring.v(33) File: C:/Users/Joseph/Documents/2nd_Year/ECE241/FinalProject/GitHub/241-project/gameplay/scoring.v Line: 33
Info (10041): Inferred latch for "score[12]" at scoring.v(33) File: C:/Users/Joseph/Documents/2nd_Year/ECE241/FinalProject/GitHub/241-project/gameplay/scoring.v Line: 33
Info (10041): Inferred latch for "score[13]" at scoring.v(33) File: C:/Users/Joseph/Documents/2nd_Year/ECE241/FinalProject/GitHub/241-project/gameplay/scoring.v Line: 33
Info (10041): Inferred latch for "score[14]" at scoring.v(33) File: C:/Users/Joseph/Documents/2nd_Year/ECE241/FinalProject/GitHub/241-project/gameplay/scoring.v Line: 33
Info (10041): Inferred latch for "score[15]" at scoring.v(33) File: C:/Users/Joseph/Documents/2nd_Year/ECE241/FinalProject/GitHub/241-project/gameplay/scoring.v Line: 33
Info (10041): Inferred latch for "score[16]" at scoring.v(33) File: C:/Users/Joseph/Documents/2nd_Year/ECE241/FinalProject/GitHub/241-project/gameplay/scoring.v Line: 33
Info (10041): Inferred latch for "score[17]" at scoring.v(33) File: C:/Users/Joseph/Documents/2nd_Year/ECE241/FinalProject/GitHub/241-project/gameplay/scoring.v Line: 33
Info (10041): Inferred latch for "score[18]" at scoring.v(33) File: C:/Users/Joseph/Documents/2nd_Year/ECE241/FinalProject/GitHub/241-project/gameplay/scoring.v Line: 33
Info (10041): Inferred latch for "score[19]" at scoring.v(33) File: C:/Users/Joseph/Documents/2nd_Year/ECE241/FinalProject/GitHub/241-project/gameplay/scoring.v Line: 33
Info (10041): Inferred latch for "multiplier[0]" at scoring.v(17) File: C:/Users/Joseph/Documents/2nd_Year/ECE241/FinalProject/GitHub/241-project/gameplay/scoring.v Line: 17
Info (10041): Inferred latch for "multiplier[1]" at scoring.v(17) File: C:/Users/Joseph/Documents/2nd_Year/ECE241/FinalProject/GitHub/241-project/gameplay/scoring.v Line: 17
Info (10041): Inferred latch for "multiplier[2]" at scoring.v(17) File: C:/Users/Joseph/Documents/2nd_Year/ECE241/FinalProject/GitHub/241-project/gameplay/scoring.v Line: 17
Info (10041): Inferred latch for "multiplier[3]" at scoring.v(17) File: C:/Users/Joseph/Documents/2nd_Year/ECE241/FinalProject/GitHub/241-project/gameplay/scoring.v Line: 17
Info (12128): Elaborating entity "bcd_converter" for hierarchy "bcd_converter:convert_score" File: C:/Users/Joseph/Documents/2nd_Year/ECE241/FinalProject/GitHub/241-project/gameplay/scoring.v Line: 53
Warning (10230): Verilog HDL assignment warning at bcd_converter.v(33): truncated value with size 32 to match size of target (4) File: C:/Users/Joseph/Documents/2nd_Year/ECE241/FinalProject/GitHub/241-project/gameplay/bcd_converter.v Line: 33
Warning (10230): Verilog HDL assignment warning at bcd_converter.v(30): truncated value with size 32 to match size of target (4) File: C:/Users/Joseph/Documents/2nd_Year/ECE241/FinalProject/GitHub/241-project/gameplay/bcd_converter.v Line: 30
Warning (10230): Verilog HDL assignment warning at bcd_converter.v(27): truncated value with size 32 to match size of target (4) File: C:/Users/Joseph/Documents/2nd_Year/ECE241/FinalProject/GitHub/241-project/gameplay/bcd_converter.v Line: 27
Warning (10230): Verilog HDL assignment warning at bcd_converter.v(24): truncated value with size 32 to match size of target (4) File: C:/Users/Joseph/Documents/2nd_Year/ECE241/FinalProject/GitHub/241-project/gameplay/bcd_converter.v Line: 24
Warning (10230): Verilog HDL assignment warning at bcd_converter.v(21): truncated value with size 32 to match size of target (4) File: C:/Users/Joseph/Documents/2nd_Year/ECE241/FinalProject/GitHub/241-project/gameplay/bcd_converter.v Line: 21
Warning (10230): Verilog HDL assignment warning at bcd_converter.v(18): truncated value with size 32 to match size of target (4) File: C:/Users/Joseph/Documents/2nd_Year/ECE241/FinalProject/GitHub/241-project/gameplay/bcd_converter.v Line: 18
Warning (10240): Verilog HDL Always Construct warning at bcd_converter.v(11): inferring latch(es) for variable "i", which holds its previous value in one or more paths through the always construct File: C:/Users/Joseph/Documents/2nd_Year/ECE241/FinalProject/GitHub/241-project/gameplay/bcd_converter.v Line: 11
Info (12128): Elaborating entity "HEX_Display" for hierarchy "HEX_Display:i0" File: C:/Users/Joseph/Documents/2nd_Year/ECE241/FinalProject/GitHub/241-project/gameplay/scoring.v Line: 56
Warning (13012): Latch multiplier[3] has unsafe behavior File: C:/Users/Joseph/Documents/2nd_Year/ECE241/FinalProject/GitHub/241-project/gameplay/scoring.v Line: 17
    Warning (13013): Ports D and ENA on the latch are fed by the same signal KEY[1] File: C:/Users/Joseph/Documents/2nd_Year/ECE241/FinalProject/GitHub/241-project/gameplay/scoring.v Line: 2
Warning (13012): Latch multiplier[2] has unsafe behavior File: C:/Users/Joseph/Documents/2nd_Year/ECE241/FinalProject/GitHub/241-project/gameplay/scoring.v Line: 17
    Warning (13013): Ports D and ENA on the latch are fed by the same signal KEY[1] File: C:/Users/Joseph/Documents/2nd_Year/ECE241/FinalProject/GitHub/241-project/gameplay/scoring.v Line: 2
Warning (13012): Latch multiplier[1] has unsafe behavior File: C:/Users/Joseph/Documents/2nd_Year/ECE241/FinalProject/GitHub/241-project/gameplay/scoring.v Line: 17
    Warning (13013): Ports D and ENA on the latch are fed by the same signal KEY[1] File: C:/Users/Joseph/Documents/2nd_Year/ECE241/FinalProject/GitHub/241-project/gameplay/scoring.v Line: 2
Warning (13012): Latch multiplier[0] has unsafe behavior File: C:/Users/Joseph/Documents/2nd_Year/ECE241/FinalProject/GitHub/241-project/gameplay/scoring.v Line: 17
    Warning (13013): Ports D and ENA on the latch are fed by the same signal multiplier[0] File: C:/Users/Joseph/Documents/2nd_Year/ECE241/FinalProject/GitHub/241-project/gameplay/scoring.v Line: 17
Info (286030): Timing-Driven Synthesis is running
Info (144001): Generated suppressed messages file C:/Users/Joseph/Documents/2nd_Year/ECE241/FinalProject/GitHub/241-project/gameplay/output_files/scoring.map.smsg
Info (16010): Generating hard_block partition "hard_block:auto_generated_inst"
    Info (16011): Adding 0 node(s), including 0 DDIO, 0 PLL, 0 transceiver and 0 LCELL
Warning (21074): Design contains 1 input pin(s) that do not drive logic
    Warning (15610): No output dependent on input pin "KEY[3]" File: C:/Users/Joseph/Documents/2nd_Year/ECE241/FinalProject/GitHub/241-project/gameplay/scoring.v Line: 2
Info (21057): Implemented 297 device resources after synthesis - the final resource count might be different
    Info (21058): Implemented 4 input pins
    Info (21059): Implemented 72 output pins
    Info (21061): Implemented 221 logic cells
Info: Quartus Prime Analysis & Synthesis was successful. 0 errors, 28 warnings
    Info: Peak virtual memory: 4852 megabytes
    Info: Processing ended: Tue Nov 27 03:19:05 2018
    Info: Elapsed time: 00:00:49
    Info: Total CPU time (on all processors): 00:01:10


+------------------------------------------+
; Analysis & Synthesis Suppressed Messages ;
+------------------------------------------+
The suppressed messages can be found in C:/Users/Joseph/Documents/2nd_Year/ECE241/FinalProject/GitHub/241-project/gameplay/output_files/scoring.map.smsg.


